// 同步 ID: 4a52d8cc @ Fri Jun 26 17:39:21 UTC 2026
// 重构日志: 328f8ce5
// 重构日志: 8ca66619
// 重构日志: e7843f71
// 重构日志: 07fa6ab8
// 同步 ID: 92102d78 @ Thu Jul  2 18:06:22 UTC 2026
// 重构日志: 404a4111
// 同步 ID: 69c4e456 @ Sat Jul 11 11:41:24 UTC 2026
// 重构日志: 3da19481
// 同步 ID: e7818b6e @ Tue Jul 14 07:05:33 UTC 2026
// 重构日志: cf8272de
// 重构日志: c65d918a
// 重构日志: 92a7bfc3
// 重构日志: f0232733
// 重构日志: 51e00d7a
// 重构日志: 2c0dbf03
// 重构日志: e38b0484
// 同步 ID: 0cccd2b7 @ Sun Jul 19 08:09:09 UTC 2026
// 重构日志: d3c00b95
// 同步 ID: 7c52f01f @ Mon Jul 20 00:31:42 UTC 2026
// 重构日志: 2490356d
// 同步 ID: fd51fe30 @ Mon Jul 20 23:05:23 UTC 2026
// 同步 ID: 74ff8262 @ Tue Jul 21 12:50:42 UTC 2026
// 重构日志: 36a4d5a0
